;  LST file generated by mikroListExporter - v.2.0 
; Date/Time: 05/03/2020 9:42:36
;----------------------------------------------

;Address Opcode 	ASM
0x0000	0xF000EF13  	GOTO        38
_interrupt:
;p6a.c,1 :: 		void interrupt() {
;p6a.c,2 :: 		if(PORTC.B0 == 1){
0x0008	0xA082      	BTFSS       PORTC, 0 
0x000A	0xD006      	BRA         L_interrupt0
;p6a.c,3 :: 		PORTC.B0 = 0;
0x000C	0x9082      	BCF         PORTC, 0 
;p6a.c,4 :: 		T0CON = 0xC2;
0x000E	0x0EC2      	MOVLW       194
0x0010	0x6ED5      	MOVWF       T0CON 
;p6a.c,5 :: 		TMR0L = 81;
0x0012	0x0E51      	MOVLW       81
0x0014	0x6ED6      	MOVWF       TMR0L 
;p6a.c,6 :: 		} else {
0x0016	0xD005      	BRA         L_interrupt1
L_interrupt0:
;p6a.c,7 :: 		PORTC.B0 = 1;
0x0018	0x8082      	BSF         PORTC, 0 
;p6a.c,8 :: 		T0CON = 0xC1;
0x001A	0x0EC1      	MOVLW       193
0x001C	0x6ED5      	MOVWF       T0CON 
;p6a.c,9 :: 		TMR0L = 106;
0x001E	0x0E6A      	MOVLW       106
0x0020	0x6ED6      	MOVWF       TMR0L 
;p6a.c,10 :: 		}
L_interrupt1:
;p6a.c,11 :: 		INTCON.TMR0IF = 0;
0x0022	0x94F2      	BCF         INTCON, 2 
;p6a.c,12 :: 		}
L_end_interrupt:
L__interrupt5:
0x0024	0x0011      	RETFIE      1
; end of _interrupt
_main:
;p6a.c,13 :: 		void main() {
;p6a.c,14 :: 		TRISC.B0 = 0;
0x0026	0x9094      	BCF         TRISC, 0 
;p6a.c,15 :: 		PORTC.B0 = 1;
0x0028	0x8082      	BSF         PORTC, 0 
;p6a.c,16 :: 		T0CON = 0xC1;
0x002A	0x0EC1      	MOVLW       193
0x002C	0x6ED5      	MOVWF       T0CON 
;p6a.c,17 :: 		INTCON.TMR0IF = 0;
0x002E	0x94F2      	BCF         INTCON, 2 
;p6a.c,18 :: 		INTCON.TMR0IE = 1;
0x0030	0x8AF2      	BSF         INTCON, 5 
;p6a.c,19 :: 		INTCON.GIE = 1;
0x0032	0x8EF2      	BSF         INTCON, 7 
;p6a.c,20 :: 		TMR0L = 106;
0x0034	0x0E6A      	MOVLW       106
0x0036	0x6ED6      	MOVWF       TMR0L 
;p6a.c,23 :: 		while(1);
L_main2:
0x0038	0xD7FF      	BRA         L_main2
;p6a.c,24 :: 		}
L_end_main:
0x003A	0xD7FF      	BRA         $+0
; end of _main
Symbol List:
//** Routines locations **
//ADDRESS    SIZE    PROCEDURE
//----------------------------------------------
0x0008      [30]    _interrupt
0x0026      [22]    _main
//** Variables locations ** 
//ADDRESS    SIZE    VARIABLE
//----------------------------------------------
0x0000       [1]    R0
0x0001       [1]    R1
0x0002       [1]    R2
0x0003       [1]    R3
0x0004       [1]    R4
0x0005       [1]    R5
0x0006       [1]    R6
0x0007       [1]    R7
0x0008       [1]    R8
0x0009       [1]    R9
0x000A       [1]    R10
0x000B       [1]    R11
0x000C       [1]    R12
0x000D       [1]    R13
0x000E       [1]    R14
0x000F       [1]    R15
0x0010       [1]    R16
0x0011       [1]    R17
0x0012       [1]    R18
0x0013       [1]    R19
0x0014       [1]    R20
0x0F82       [1]    PORTC
0x0F94       [1]    TRISC
0x0FD5       [1]    T0CON
0x0FD6       [1]    TMR0L
0x0FD8       [1]    STATUS
0x0FD9       [1]    FSR2L
0x0FDA       [1]    FSR2H
0x0FDE       [1]    POSTINC2
0x0FE0       [1]    BSR
0x0FE1       [1]    FSR1L
0x0FE2       [1]    FSR1H
0x0FE4       [1]    PREINC1
0x0FE6       [1]    POSTINC1
0x0FE7       [1]    INDF1
0x0FE8       [1]    WREG
0x0FE9       [1]    FSR0L
0x0FEA       [1]    FSR0H
0x0FEE       [1]    POSTINC0
0x0FF2       [1]    INTCON
0x0FF3       [1]    PRODL
0x0FF4       [1]    PRODH
0x0FF5       [1]    TABLAT
0x0FF6       [1]    TBLPTRL
0x0FF7       [1]    TBLPTRH
0x0FF8       [1]    TBLPTRU
