;  LST file generated by mikroListExporter - v.2.0 
; Date/Time: 13/02/2020 9:17:13
;----------------------------------------------

;Address Opcode 	ASM
0x0000	0xF000EF0E  	GOTO        28
0x0004	0x0000      	NOP
0x0006	0x0000      	NOP
0x0008	0xF000EF00  	GOTO        0
0x000C	0x0000      	NOP
0x000E	0x0000      	NOP
0x0010	0x0000      	NOP
0x0012	0x0000      	NOP
0x0014	0x0000      	NOP
0x0016	0x0000      	NOP
0x0018	0xD7F3      	BRA         0
_main:
;p1c.c,1 :: 		void main() {
;p1c.c,2 :: 		char array[] = {0x81, 0x42, 0x24, 0x18, 0x24, 0x42};
0x001C	0x0E81      	MOVLW       129
0x001E	0x6E16      	MOVWF       main_array_L0 
0x0020	0x0E42      	MOVLW       66
0x0022	0x6E17      	MOVWF       main_array_L0+1 
0x0024	0x0E24      	MOVLW       36
0x0026	0x6E18      	MOVWF       main_array_L0+2 
0x0028	0x0E18      	MOVLW       24
0x002A	0x6E19      	MOVWF       main_array_L0+3 
0x002C	0x0E24      	MOVLW       36
0x002E	0x6E1A      	MOVWF       main_array_L0+4 
0x0030	0x0E42      	MOVLW       66
0x0032	0x6E1B      	MOVWF       main_array_L0+5 
;p1c.c,3 :: 		ADCON1 = 0x07;
0x0034	0x0E07      	MOVLW       7
0x0036	0x6EC1      	MOVWF       ADCON1 
;p1c.c,4 :: 		TRISC = 0;
0x0038	0x6A94      	CLRF        TRISC 
;p1c.c,5 :: 		PORTC = 0;
0x003A	0x6A82      	CLRF        PORTC 
;p1c.c,7 :: 		while(1){
L_main0:
;p1c.c,8 :: 		char i = 0;
0x003C	0x6A15      	CLRF        main_i_L1 
;p1c.c,9 :: 		for (i = 0; i<=5; i++){
0x003E	0x6A15      	CLRF        main_i_L1 
L_main2:
0x0040	0x5015      	MOVF        main_i_L1, 0 
0x0042	0x0805      	SUBLW       5
0x0044	0xE325      	BNC         L_main3
;p1c.c,10 :: 		PORTC = array[i];
0x0046	0x0E16      	MOVLW       main_array_L0
0x0048	0x6EE9      	MOVWF       FSR0L 
0x004A	0x0E00      	MOVLW       hi_addr(main_array_L0)
0x004C	0x6EEA      	MOVWF       FSR0L+1 
0x004E	0x5015      	MOVF        main_i_L1, 0 
0x0050	0x26E9      	ADDWF       FSR0L, 1 
0x0052	0xB0D8      	BTFSC       STATUS, 0 
0x0054	0x2AEA      	INCF        FSR0L+1, 1 
0x0056	0xFF82CFEE  	MOVFF       POSTINC0, PORTC
;p1c.c,11 :: 		delay_ms(400);
0x005A	0x0E05      	MOVLW       5
0x005C	0x6E0B      	MOVWF       R11, 0
0x005E	0x0E0F      	MOVLW       15
0x0060	0x6E0C      	MOVWF       R12, 0
0x0062	0x0EF1      	MOVLW       241
0x0064	0x6E0D      	MOVWF       R13, 0
L_main5:
0x0066	0x2E0D      	DECFSZ      R13, 1, 0
0x0068	0xD7FE      	BRA         L_main5
0x006A	0x2E0C      	DECFSZ      R12, 1, 0
0x006C	0xD7FC      	BRA         L_main5
0x006E	0x2E0B      	DECFSZ      R11, 1, 0
0x0070	0xD7FA      	BRA         L_main5
;p1c.c,12 :: 		PORTC = 0;
0x0072	0x6A82      	CLRF        PORTC 
;p1c.c,13 :: 		delay_ms(200);
0x0074	0x0E03      	MOVLW       3
0x0076	0x6E0B      	MOVWF       R11, 0
0x0078	0x0E08      	MOVLW       8
0x007A	0x6E0C      	MOVWF       R12, 0
0x007C	0x0E77      	MOVLW       119
0x007E	0x6E0D      	MOVWF       R13, 0
L_main6:
0x0080	0x2E0D      	DECFSZ      R13, 1, 0
0x0082	0xD7FE      	BRA         L_main6
0x0084	0x2E0C      	DECFSZ      R12, 1, 0
0x0086	0xD7FC      	BRA         L_main6
0x0088	0x2E0B      	DECFSZ      R11, 1, 0
0x008A	0xD7FA      	BRA         L_main6
;p1c.c,9 :: 		for (i = 0; i<=5; i++){
0x008C	0x2A15      	INCF        main_i_L1, 1 
;p1c.c,14 :: 		}
0x008E	0xD7D8      	BRA         L_main2
L_main3:
;p1c.c,15 :: 		}
0x0090	0xD7D5      	BRA         L_main0
;p1c.c,16 :: 		}
L_end_main:
0x0092	0xD7FF      	BRA         $+0
; end of _main
Symbol List:
//** Routines locations **
//ADDRESS    SIZE    PROCEDURE
//----------------------------------------------
0x001C     [120]    _main
//** Variables locations ** 
//ADDRESS    SIZE    VARIABLE
//----------------------------------------------
0x0000       [1]    R0
0x0001       [1]    R1
0x0002       [1]    R2
0x0003       [1]    R3
0x0004       [1]    R4
0x0005       [1]    R5
0x0006       [1]    R6
0x0007       [1]    R7
0x0008       [1]    R8
0x0009       [1]    R9
0x000A       [1]    R10
0x000B       [1]    R11
0x000C       [1]    R12
0x000D       [1]    R13
0x000E       [1]    R14
0x000F       [1]    R15
0x0010       [1]    R16
0x0011       [1]    R17
0x0012       [1]    R18
0x0013       [1]    R19
0x0014       [1]    R20
0x0015       [1]    main_i_L1
0x0016       [6]    main_array_L0
0x0F82       [1]    PORTC
0x0F94       [1]    TRISC
0x0FC1       [1]    ADCON1
0x0FD8       [1]    STATUS
0x0FD9       [1]    FSR2L
0x0FDA       [1]    FSR2H
0x0FDE       [1]    POSTINC2
0x0FE0       [1]    BSR
0x0FE1       [1]    FSR1L
0x0FE2       [1]    FSR1H
0x0FE4       [1]    PREINC1
0x0FE6       [1]    POSTINC1
0x0FE7       [1]    INDF1
0x0FE8       [1]    WREG
0x0FE9       [1]    FSR0L
0x0FEA       [1]    FSR0H
0x0FEE       [1]    POSTINC0
0x0FF3       [1]    PRODL
0x0FF4       [1]    PRODH
0x0FF5       [1]    TABLAT
0x0FF6       [1]    TBLPTRL
0x0FF7       [1]    TBLPTRH
0x0FF8       [1]    TBLPTRU
