;  LST file generated by mikroListExporter - v.2.0 
; Date/Time: 20/02/2020 10:20:33
;----------------------------------------------

;Address Opcode 	ASM
0x0000	0xF000EF10  	GOTO        32
_interrupt:
;p3c.c,4 :: 		void interrupt(){
;p3c.c,5 :: 		uds++;
0x0008	0x2A15      	INCF        _uds, 1 
;p3c.c,6 :: 		if (uds == 10){
0x000A	0x5015      	MOVF        _uds, 0 
0x000C	0x0A0A      	XORLW       10
0x000E	0xE102      	BNZ         L_interrupt0
;p3c.c,7 :: 		uds = 0;
0x0010	0x6A15      	CLRF        _uds 
;p3c.c,8 :: 		dec++;
0x0012	0x2A16      	INCF        _dec, 1 
;p3c.c,9 :: 		}
L_interrupt0:
;p3c.c,10 :: 		if (dec == 10){
0x0014	0x5016      	MOVF        _dec, 0 
0x0016	0x0A0A      	XORLW       10
0x0018	0xB4D8      	BTFSC       STATUS, 2 
;p3c.c,11 :: 		dec = 0;
0x001A	0x6A16      	CLRF        _dec 
;p3c.c,12 :: 		}
L_interrupt1:
;p3c.c,14 :: 		INTCON.INT0IF = 0;
0x001C	0x92F2      	BCF         INTCON, 1 
;p3c.c,15 :: 		}
L_end_interrupt:
L__interrupt7:
0x001E	0x0011      	RETFIE      1
; end of _interrupt
_main:
;p3c.c,17 :: 		void main() {
;p3c.c,18 :: 		char digitos[] = {63, 6, 91, 79, 102, 109, 125, 7, 127, 111};
0x0020	0x0E3F      	MOVLW       63
0x0022	0x6E17      	MOVWF       main_digitos_L0 
0x0024	0x0E06      	MOVLW       6
0x0026	0x6E18      	MOVWF       main_digitos_L0+1 
0x0028	0x0E5B      	MOVLW       91
0x002A	0x6E19      	MOVWF       main_digitos_L0+2 
0x002C	0x0E4F      	MOVLW       79
0x002E	0x6E1A      	MOVWF       main_digitos_L0+3 
0x0030	0x0E66      	MOVLW       102
0x0032	0x6E1B      	MOVWF       main_digitos_L0+4 
0x0034	0x0E6D      	MOVLW       109
0x0036	0x6E1C      	MOVWF       main_digitos_L0+5 
0x0038	0x0E7D      	MOVLW       125
0x003A	0x6E1D      	MOVWF       main_digitos_L0+6 
0x003C	0x0E07      	MOVLW       7
0x003E	0x6E1E      	MOVWF       main_digitos_L0+7 
0x0040	0x0E7F      	MOVLW       127
0x0042	0x6E1F      	MOVWF       main_digitos_L0+8 
0x0044	0x0E6F      	MOVLW       111
0x0046	0x6E20      	MOVWF       main_digitos_L0+9 
;p3c.c,19 :: 		uds = 0;
0x0048	0x6A15      	CLRF        _uds 
;p3c.c,20 :: 		dec = 0;
0x004A	0x6A16      	CLRF        _dec 
;p3c.c,22 :: 		RBPU_bit = 0;
0x004C	0x9EF1      	BCF         RBPU_bit, BitPos(RBPU_bit+0) 
;p3c.c,23 :: 		TRISB.B0 = 1;
0x004E	0x8093      	BSF         TRISB, 0 
;p3c.c,24 :: 		TRISA = 0;
0x0050	0x6A92      	CLRF        TRISA 
;p3c.c,25 :: 		TRISD = 0;
0x0052	0x6A95      	CLRF        TRISD 
;p3c.c,26 :: 		PORTA = 1;
0x0054	0x0E01      	MOVLW       1
0x0056	0x6E80      	MOVWF       PORTA 
;p3c.c,27 :: 		PORTD = 0;
0x0058	0x6A83      	CLRF        PORTD 
;p3c.c,29 :: 		INTCON2.INTEDG0 = 0;
0x005A	0x9CF1      	BCF         INTCON2, 6 
;p3c.c,30 :: 		INTCON.INT0IF = 0;
0x005C	0x92F2      	BCF         INTCON, 1 
;p3c.c,31 :: 		INTCON.INT0IE = 1;
0x005E	0x88F2      	BSF         INTCON, 4 
;p3c.c,32 :: 		INTCON.GIE = 1;
0x0060	0x8EF2      	BSF         INTCON, 7 
;p3c.c,34 :: 		while(1){
L_main2:
;p3c.c,35 :: 		PORTD = digitos[uds];
0x0062	0x0E17      	MOVLW       main_digitos_L0
0x0064	0x6EE9      	MOVWF       FSR0L 
0x0066	0x0E00      	MOVLW       hi_addr(main_digitos_L0)
0x0068	0x6EEA      	MOVWF       FSR0L+1 
0x006A	0x5015      	MOVF        _uds, 0 
0x006C	0x26E9      	ADDWF       FSR0L, 1 
0x006E	0xB0D8      	BTFSC       STATUS, 0 
0x0070	0x2AEA      	INCF        FSR0L+1, 1 
0x0072	0xFF83CFEE  	MOVFF       POSTINC0, PORTD
;p3c.c,36 :: 		PORTA.B0 = 0;
0x0076	0x9080      	BCF         PORTA, 0 
;p3c.c,37 :: 		delay_ms(20);
0x0078	0x0E34      	MOVLW       52
0x007A	0x6E0C      	MOVWF       R12, 0
0x007C	0x0EF1      	MOVLW       241
0x007E	0x6E0D      	MOVWF       R13, 0
L_main4:
0x0080	0x2E0D      	DECFSZ      R13, 1, 0
0x0082	0xD7FE      	BRA         L_main4
0x0084	0x2E0C      	DECFSZ      R12, 1, 0
0x0086	0xD7FC      	BRA         L_main4
0x0088	0x0000      	NOP
0x008A	0x0000      	NOP
;p3c.c,38 :: 		PORTA.B0 = 1;
0x008C	0x8080      	BSF         PORTA, 0 
;p3c.c,40 :: 		PORTD = digitos[dec];
0x008E	0x0E17      	MOVLW       main_digitos_L0
0x0090	0x6EE9      	MOVWF       FSR0L 
0x0092	0x0E00      	MOVLW       hi_addr(main_digitos_L0)
0x0094	0x6EEA      	MOVWF       FSR0L+1 
0x0096	0x5016      	MOVF        _dec, 0 
0x0098	0x26E9      	ADDWF       FSR0L, 1 
0x009A	0xB0D8      	BTFSC       STATUS, 0 
0x009C	0x2AEA      	INCF        FSR0L+1, 1 
0x009E	0xFF83CFEE  	MOVFF       POSTINC0, PORTD
;p3c.c,41 :: 		PORTA.B1 = 0;
0x00A2	0x9280      	BCF         PORTA, 1 
;p3c.c,42 :: 		delay_ms(20);
0x00A4	0x0E34      	MOVLW       52
0x00A6	0x6E0C      	MOVWF       R12, 0
0x00A8	0x0EF1      	MOVLW       241
0x00AA	0x6E0D      	MOVWF       R13, 0
L_main5:
0x00AC	0x2E0D      	DECFSZ      R13, 1, 0
0x00AE	0xD7FE      	BRA         L_main5
0x00B0	0x2E0C      	DECFSZ      R12, 1, 0
0x00B2	0xD7FC      	BRA         L_main5
0x00B4	0x0000      	NOP
0x00B6	0x0000      	NOP
;p3c.c,43 :: 		PORTA.B1 = 1;
0x00B8	0x8280      	BSF         PORTA, 1 
;p3c.c,45 :: 		}
0x00BA	0xD7D3      	BRA         L_main2
;p3c.c,47 :: 		}
L_end_main:
0x00BC	0xD7FF      	BRA         $+0
; end of _main
Symbol List:
//** Routines locations **
//ADDRESS    SIZE    PROCEDURE
//----------------------------------------------
0x0008      [24]    _interrupt
0x0020     [158]    _main
//** Variables locations ** 
//ADDRESS    SIZE    VARIABLE
//----------------------------------------------
0x0000       [1]    R0
0x0001       [1]    R1
0x0002       [1]    R2
0x0003       [1]    R3
0x0004       [1]    R4
0x0005       [1]    R5
0x0006       [1]    R6
0x0007       [1]    R7
0x0008       [1]    R8
0x0009       [1]    R9
0x000A       [1]    R10
0x000B       [1]    R11
0x000C       [1]    R12
0x000D       [1]    R13
0x000E       [1]    R14
0x000F       [1]    R15
0x0010       [1]    R16
0x0011       [1]    R17
0x0012       [1]    R18
0x0013       [1]    R19
0x0014       [1]    R20
0x0015       [1]    _uds
0x0016       [1]    _dec
0x0017      [10]    main_digitos_L0
0x0F80       [1]    PORTA
0x0F83       [1]    PORTD
0x0F92       [1]    TRISA
0x0F93       [1]    TRISB
0x0F95       [1]    TRISD
0x0FD8       [1]    STATUS
0x0FD9       [1]    FSR2L
0x0FDA       [1]    FSR2H
0x0FDE       [1]    POSTINC2
0x0FE0       [1]    BSR
0x0FE1       [1]    FSR1L
0x0FE2       [1]    FSR1H
0x0FE4       [1]    PREINC1
0x0FE6       [1]    POSTINC1
0x0FE7       [1]    INDF1
0x0FE8       [1]    WREG
0x0FE9       [1]    FSR0L
0x0FEA       [1]    FSR0H
0x0FEE       [1]    POSTINC0
0x0FF1       [0]    RBPU_bit
0x0FF1       [1]    INTCON2
0x0FF2       [1]    INTCON
0x0FF3       [1]    PRODL
0x0FF4       [1]    PRODH
0x0FF5       [1]    TABLAT
0x0FF6       [1]    TBLPTRL
0x0FF7       [1]    TBLPTRH
0x0FF8       [1]    TBLPTRU
